2023-05-31 12:11:45,062 - my_app - INFO - Getting All users
2023-05-31 12:11:51,151 - my_app - INFO - Getting All blogs
2023-05-31 12:12:10,310 - my_app - INFO - Getting All users
2023-05-31 12:12:38,245 - my_app - INFO - Creating user
2023-05-31 12:12:50,241 - my_app - INFO - Getting All users
2023-05-31 12:13:24,652 - my_app - INFO - Creating blog
2023-05-31 12:13:43,302 - my_app - INFO - Getting All blogs
2023-05-31 12:13:43,302 - my_app - INFO - Getting All users
2023-05-31 12:13:46,155 - my_app - INFO - Getting All users
2023-05-31 12:13:46,156 - my_app - INFO - Getting All blogs
2023-05-31 12:37:13,495 - my_app - INFO - Getting All blogs
2023-05-31 12:37:13,497 - my_app - INFO - Getting All users
2023-05-31 12:37:17,885 - my_app - INFO - Getting All blogs
2023-05-31 12:37:17,885 - my_app - INFO - Getting All users
2023-05-31 12:37:48,668 - my_app - INFO - Getting All users
2023-05-31 12:37:48,668 - my_app - INFO - Getting All blogs
2023-05-31 12:37:49,219 - my_app - INFO - Getting All blogs
2023-05-31 12:37:49,226 - my_app - INFO - Getting All users
2023-05-31 12:37:52,157 - my_app - INFO - Deleting user
2023-05-31 12:38:45,853 - my_app - INFO - Getting All blogs
2023-05-31 12:38:46,116 - my_app - INFO - Getting All users
2023-05-31 12:38:52,727 - my_app - INFO - Deleting blog
2023-05-31 12:39:35,252 - my_app - INFO - Creating blog
2023-05-31 12:39:35,750 - my_app - INFO - Creating blog
2023-05-31 12:39:35,751 - my_app - INFO - Creating blog
2023-05-31 12:39:35,906 - my_app - INFO - Creating blog
2023-05-31 12:39:36,214 - my_app - INFO - Creating blog
2023-05-31 12:39:37,603 - my_app - INFO - Creating blog
2023-05-31 12:39:39,744 - my_app - INFO - Getting All users
2023-05-31 12:39:39,746 - my_app - INFO - Getting All blogs
2023-05-31 12:39:45,214 - my_app - INFO - Getting All users
2023-05-31 12:39:50,598 - my_app - INFO - Getting All blogs
2023-05-31 12:42:44,721 - my_app - INFO - Getting All blogs
2023-05-31 12:42:44,722 - my_app - INFO - Getting All users
2023-05-31 12:43:18,987 - my_app - INFO - Creating blog
2023-05-31 12:43:21,775 - my_app - INFO - Creating blog
2023-05-31 12:43:35,524 - my_app - INFO - Getting All users
2023-05-31 12:43:35,576 - my_app - INFO - Getting All blogs
2023-05-31 12:43:48,486 - my_app - INFO - Deleting blog
2023-05-31 12:44:25,178 - my_app - INFO - Creating user
2023-05-31 12:44:49,715 - my_app - INFO - Creating blog
2023-05-31 12:44:51,075 - my_app - INFO - Creating blog
2023-05-31 12:46:58,016 - my_app - INFO - Getting All blogs
2023-05-31 12:46:58,016 - my_app - INFO - Getting All users
2023-05-31 12:53:00,570 - my_app - INFO - Getting All users
2023-05-31 12:53:00,587 - my_app - INFO - Getting All blogs
2023-05-31 12:53:15,512 - my_app - INFO - Deleting blog
